# JRE version: Java(TM) SE Runtime Environment (11.0.2+9) (build 11.0.2+9-LTS)
# Java VM: Java HotSpot(TM) 64-Bit Server VM (11.0.2+9-LTS, mixed mode, tiered, compressed oops, g1 gc, windows-amd64)
Heap:
 garbage-first heap   total 260096K, used 170837K [0x0000000702600000, 0x0000000800000000)
  region size 1024K, 33 young (33792K), 6 survivors (6144K)
 Metaspace       used 85667K, capacity 89227K, committed 89424K, reserved 1128448K
  class space    used 9323K, capacity 10636K, committed 10752K, reserved 1048576K
GC Heap History (10 events):
Event: 21.677 GC heap before
{Heap before GC invocations=13 (full 0):
 garbage-first heap   total 260096K, used 200367K [0x0000000702600000, 0x0000000800000000)
  region size 1024K, 107 young (109568K), 16 survivors (16384K)
 Metaspace       used 83212K, capacity 86706K, committed 86864K, reserved 1126400K
  class space    used 9167K, capacity 10459K, committed 10496K, reserved 1048576K
}
Event: 21.690 GC heap after
{Heap after GC invocations=14 (full 0):
 garbage-first heap   total 260096K, used 136442K [0x0000000702600000, 0x0000000800000000)
  region size 1024K, 14 young (14336K), 14 survivors (14336K)
 Metaspace       used 83212K, capacity 86706K, committed 86864K, reserved 1126400K
  class space    used 9167K, capacity 10459K, committed 10496K, reserved 1048576K
}
Event: 23.801 GC heap before
{Heap before GC invocations=14 (full 0):
 garbage-first heap   total 260096K, used 140538K [0x0000000702600000, 0x0000000800000000)
  region size 1024K, 20 young (20480K), 14 survivors (14336K)
 Metaspace       used 83397K, capacity 86937K, committed 87120K, reserved 1126400K
  class space    used 9177K, capacity 10493K, committed 10496K, reserved 1048576K
}
Event: 23.809 GC heap after
{Heap after GC invocations=15 (full 0):
 garbage-first heap   total 260096K, used 140353K [0x0000000702600000, 0x0000000800000000)
  region size 1024K, 3 young (3072K), 3 survivors (3072K)
 Metaspace       used 83397K, capacity 86937K, committed 87120K, reserved 1126400K
  class space    used 9177K, capacity 10493K, committed 10496K, reserved 1048576K
}
Event: 28.521 GC heap before
{Heap before GC invocations=16 (full 0):
 garbage-first heap   total 260096K, used 180289K [0x0000000702600000, 0x0000000800000000)
  region size 1024K, 42 young (43008K), 3 survivors (3072K)
 Metaspace       used 84582K, capacity 88117K, committed 88272K, reserved 1126400K
  class space    used 9262K, capacity 10567K, committed 10624K, reserved 1048576K
}
Event: 28.532 GC heap after
{Heap after GC invocations=17 (full 0):
 garbage-first heap   total 260096K, used 147456K [0x0000000702600000, 0x0000000800000000)
  region size 1024K, 6 young (6144K), 6 survivors (6144K)
 Metaspace       used 84582K, capacity 88117K, committed 88272K, reserved 1126400K
  class space    used 9262K, capacity 10567K, committed 10624K, reserved 1048576K
}
Event: 28.626 GC heap before
{Heap before GC invocations=17 (full 0):
 garbage-first heap   total 260096K, used 152576K [0x0000000702600000, 0x0000000800000000)
  region size 1024K, 12 young (12288K), 6 survivors (6144K)
 Metaspace       used 84591K, capacity 88117K, committed 88272K, reserved 1126400K
  class space    used 9262K, capacity 10567K, committed 10624K, reserved 1048576K
}
Event: 28.629 GC heap after
{Heap after GC invocations=18 (full 0):
 garbage-first heap   total 260096K, used 144085K [0x0000000702600000, 0x0000000800000000)
  region size 1024K, 2 young (2048K), 2 survivors (2048K)
 Metaspace       used 84591K, capacity 88117K, committed 88272K, reserved 1126400K
  class space    used 9262K, capacity 10567K, committed 10624K, reserved 1048576K
}
Event: 28.931 GC heap before
{Heap before GC invocations=18 (full 0):
 garbage-first heap   total 260096K, used 185045K [0x0000000702600000, 0x0000000800000000)
  region size 1024K, 42 young (43008K), 2 survivors (2048K)
 Metaspace       used 84634K, capacity 88117K, committed 88272K, reserved 1126400K
  class space    used 9262K, capacity 10567K, committed 10624K, reserved 1048576K
}
Event: 28.933 GC heap after
{Heap after GC invocations=19 (full 0):
 garbage-first heap   total 260096K, used 148309K [0x0000000702600000, 0x0000000800000000)
  region size 1024K, 6 young (6144K), 6 survivors (6144K)
 Metaspace       used 84634K, capacity 88117K, committed 88272K, reserved 1126400K
  class space    used 9262K, capacity 10567K, committed 10624K, reserved 1048576K
}

